warning: Git tree '/home/pspiagicw/nixos' is dirty
building the system configuration...
warning: Git tree '/home/pspiagicw/nixos' is dirty
these 10 derivations will be built:
  /nix/store/v67j4zx13r1lzvxjrjl0l9ihqqywwzcb-neovim-0.9.5.drv
  /nix/store/kk25ybzirc4ah3zg38qsjbk0kgk0jd73-home-manager-path.drv
  /nix/store/rl3mmm6bbddgsamg1igyd4bkwhwackz5-hm_fontconfigconf.d10hmfonts.conf.drv
  /nix/store/0vwaz51kjghq3kvk74vkvsf4zily3zq4-home-manager-files.drv
  /nix/store/p1v5jldhlzx0dilxr7792jxgrs3cckjz-user-environment.drv
  /nix/store/45yc0mcic0im0qakqiasb3zg7cwzd9s9-home-manager-generation.drv
  /nix/store/qcrd987fm5hvj6lrq54rblq1rmn1kcw8-unit-home-manager-pspiagicw.service.drv
  /nix/store/r2yj8fks532hcygisjkz0kasnam2i7r9-system-units.drv
  /nix/store/17lkrv97px84lsxqv6msa3hl972f2ylh-etc.drv
  /nix/store/4qp1i9lppagr960l2ljz76gl28hbakwm-nixos-system-falcon-24.05.20240806.21cc704.drv
building '/nix/store/v67j4zx13r1lzvxjrjl0l9ihqqywwzcb-neovim-0.9.5.drv'...
building '/nix/store/kk25ybzirc4ah3zg38qsjbk0kgk0jd73-home-manager-path.drv'...
building '/nix/store/rl3mmm6bbddgsamg1igyd4bkwhwackz5-hm_fontconfigconf.d10hmfonts.conf.drv'...
building '/nix/store/p1v5jldhlzx0dilxr7792jxgrs3cckjz-user-environment.drv'...
building '/nix/store/0vwaz51kjghq3kvk74vkvsf4zily3zq4-home-manager-files.drv'...
building '/nix/store/45yc0mcic0im0qakqiasb3zg7cwzd9s9-home-manager-generation.drv'...
building '/nix/store/qcrd987fm5hvj6lrq54rblq1rmn1kcw8-unit-home-manager-pspiagicw.service.drv'...
building '/nix/store/r2yj8fks532hcygisjkz0kasnam2i7r9-system-units.drv'...
building '/nix/store/17lkrv97px84lsxqv6msa3hl972f2ylh-etc.drv'...
building '/nix/store/4qp1i9lppagr960l2ljz76gl28hbakwm-nixos-system-falcon-24.05.20240806.21cc704.drv'...
activating the configuration...
setting up /etc...
reloading user units for pspiagicw...
restarting sysinit-reactivation.target
restarting the following units: home-manager-pspiagicw.service
